<?xml version="1.0" encoding="UTF-8"?>
<testng-results skipped="0" failed="0" total="1" passed="1">
  <reporter-output>
  </reporter-output>
  <suite name="Default suite" duration-ms="24076" started-at="2014-08-05T15:24:04Z" finished-at="2014-08-05T15:24:28Z">
    <groups>
    </groups>
    <test name="Default test" duration-ms="24076" started-at="2014-08-05T15:24:04Z" finished-at="2014-08-05T15:24:28Z">
      <class name="TestWebsite.cnn">
        <test-method status="PASS" signature="beforeMethod()[pri:0, instance:TestWebsite.cnn@1bed674]" name="beforeMethod" is-config="true" duration-ms="23778" started-at="2014-08-05T11:24:04Z" finished-at="2014-08-05T11:24:28Z">
          <reporter-output>
          </reporter-output>
        </test-method> <!-- beforeMethod -->
        <test-method status="PASS" signature="f()[pri:0, instance:TestWebsite.cnn@1bed674]" name="f" duration-ms="110" started-at="2014-08-05T11:24:28Z" finished-at="2014-08-05T11:24:28Z">
          <reporter-output>
          </reporter-output>
        </test-method> <!-- f -->
        <test-method status="PASS" signature="afterMethod()[pri:0, instance:TestWebsite.cnn@1bed674]" name="afterMethod" is-config="true" duration-ms="163" started-at="2014-08-05T11:24:28Z" finished-at="2014-08-05T11:24:28Z">
          <reporter-output>
          </reporter-output>
        </test-method> <!-- afterMethod -->
      </class> <!-- TestWebsite.cnn -->
    </test> <!-- Default test -->
  </suite> <!-- Default suite -->
</testng-results>
